<?xml version="1.0" encoding="UTF-8"?>
<testng-results ignored="2" total="3" passed="1" failed="0" skipped="0">
  <reporter-output>
  </reporter-output>
  <suite started-at="2021-08-15T12:30:36 WAT" name="Default suite" finished-at="2021-08-15T12:30:39 WAT" duration-ms="2865">
    <groups>
    </groups>
    <test started-at="2021-08-15T12:30:36 WAT" name="Default test" finished-at="2021-08-15T12:30:39 WAT" duration-ms="2865">
      <class name="api_tests.TestSteps">
        <test-method signature="deleteOrder()[pri:0, instance:api_tests.TestSteps@4de4b452]" started-at="2021-08-15T12:30:36 WAT" name="deleteOrder" description="Delete an existing order and verify action status code" finished-at="2021-08-15T12:30:39 WAT" duration-ms="2830" status="PASS">
          <reporter-output>
          </reporter-output>
        </test-method> <!-- deleteOrder -->
      </class> <!-- api_tests.TestSteps -->
    </test> <!-- Default test -->
  </suite> <!-- Default suite -->
</testng-results>
