<?xml version="1.0" encoding="UTF-8"?>
<!-- Generated by org.testng.reporters.JUnitXMLReporter -->
<testsuite ignored="2" hostname="Michaels-MacBook-Pro.local" failures="0" tests="1" name="Default test" time="2.865" errors="0" timestamp="2021-08-15T12:30:39 WAT">
  <testcase classname="api_tests.TestSteps" name="deleteOrder" time="2.83"/>
  <testcase classname="api_tests.TestSteps" name="getOrder" time="0.0">
    <ignored/>
  </testcase> <!-- getOrder -->
  <testcase classname="api_tests.TestSteps" name="orderPet" time="0.0">
    <ignored/>
  </testcase> <!-- orderPet -->
</testsuite> <!-- Default test -->
